[debug] [2022-07-20T05:03:51.670Z] ----------------------------------------------------------------------
[debug] [2022-07-20T05:03:51.671Z] Command:       C:\Program Files\nodejs\node.exe C:\Users\RamakrishnaRaoChalas\AppData\Roaming\npm\node_modules\firebase-tools\lib\bin\firebase.js init
[debug] [2022-07-20T05:03:51.672Z] CLI Version:   11.3.0
[debug] [2022-07-20T05:03:51.672Z] Platform:      win32
[debug] [2022-07-20T05:03:51.672Z] Node Version:  v18.0.0
[debug] [2022-07-20T05:03:51.673Z] Time:          Wed Jul 20 2022 10:33:51 GMT+0530 (India Standard Time)
[debug] [2022-07-20T05:03:51.673Z] ----------------------------------------------------------------------
[debug] 
[debug] [2022-07-20T05:03:51.731Z] > command requires scopes: ["email","openid","https://www.googleapis.com/auth/cloudplatformprojects.readonly","https://www.googleapis.com/auth/firebase","https://www.googleapis.com/auth/cloud-platform"]
[debug] [2022-07-20T05:03:51.731Z] > authorizing via signed-in user (pardhuchalasani007@gmail.com)
[info] 
     ######## #### ########  ######## ########     ###     ######  ########
     ##        ##  ##     ## ##       ##     ##  ##   ##  ##       ##
     ######    ##  ########  ######   ########  #########  ######  ######
     ##        ##  ##    ##  ##       ##     ## ##     ##       ## ##
     ##       #### ##     ## ######## ########  ##     ##  ######  ########

You're about to initialize a Firebase project in this directory:

  C:\Users\RamakrishnaRaoChalas\ionic-react-cam-app

Before we get started, keep in mind:

  * You are initializing within an existing Firebase project directory

[info] 
=== Project Setup
[info] 
[info] First, let's associate this project directory with a Firebase project.
[info] You can create multiple project aliases by running firebase use --add, 
[info] but for now we'll just set up a default project.
[info] 
[debug] [2022-07-20T05:05:00.904Z] Using project from CLI flag: chatify-app-82c22
[debug] [2022-07-20T05:05:00.906Z] >>> [apiv2][query] GET https://firebase.googleapis.com/v1beta1/projects/chatify-app-82c22 [none]
[debug] [2022-07-20T05:05:01.483Z] <<< [apiv2][status] GET https://firebase.googleapis.com/v1beta1/projects/chatify-app-82c22 403
[debug] [2022-07-20T05:05:01.483Z] <<< [apiv2][body] GET https://firebase.googleapis.com/v1beta1/projects/chatify-app-82c22 {"error":{"code":403,"message":"The caller does not have permission","status":"PERMISSION_DENIED"}}
[debug] [2022-07-20T05:05:01.484Z] HTTP Error: 403, The caller does not have permission
[debug] [2022-07-20T05:05:01.606Z] FirebaseError: HTTP Error: 403, The caller does not have permission
    at responseToError (C:\Users\RamakrishnaRaoChalas\AppData\Roaming\npm\node_modules\firebase-tools\lib\responseToError.js:49:12)
    at RetryOperation._fn (C:\Users\RamakrishnaRaoChalas\AppData\Roaming\npm\node_modules\firebase-tools\lib\apiv2.js:287:77)
    at process.processTicksAndRejections (node:internal/process/task_queues:95:5)
[error] 
[error] Error: Failed to get Firebase project chatify-app-82c22. Please make sure the project exists and your account has permission to access it.
